<?xml version="1.0" encoding="UTF-8"?>
<!-- Generated by org.testng.reporters.JUnitReportReporter -->
<testsuite hostname="LAPTOP-EBAKKTB3" failures="0" tests="1" name="Testcases.Logintestcases" time="4.001" errors="0" timestamp="2024-12-17T18:58:24 IST" skipped="0">
  <testcase classname="Testcases.Logintestcases" name="verifyloginwithvalidcredentials" time="4.001"/>
  <system-out/>
</testsuite> <!-- Testcases.Logintestcases -->
