<?xml version="1.0" encoding="UTF-8"?>
<!-- Generated by org.testng.reporters.JUnitReportReporter -->
<testsuite hostname="LAPTOP-EBAKKTB3" failures="0" tests="2" name="Testcases.Registertestcases" time="10.504" errors="0" timestamp="2024-12-17T18:58:24 IST" skipped="0">
  <testcase classname="Testcases.Registertestcases" name="VerifywiththeBlankData" time="3.963"/>
  <system-out/>
  <testcase classname="Testcases.Registertestcases" name="verifywithvalidcredentials" time="6.541"/>
  <system-out/>
</testsuite> <!-- Testcases.Registertestcases -->
